<?xml version="1.0" encoding="UTF-8"?>
<!-- Generated by org.testng.reporters.JUnitXMLReporter -->
<testsuite hostname="INNO1-6780" ignored="0" name="Test" tests="3" failures="0" timestamp="28 Feb 2021 19:11:50 GMT" time="91.952" errors="0">
  <testcase name="VerifyEmployeeNotAdded" time="11.566" classname="com.crm.qa.testcases.EmployeeTest"/>
  <testcase name="VerifyEmployeeDeleted" time="16.158" classname="com.crm.qa.testcases.EmployeeTest"/>
  <testcase name="VerifyAD" time="14.163" classname="com.crm.qa.testcases.EmployeeTest"/>
</testsuite> <!-- Test -->
