<?xml version="1.0" encoding="UTF-8" ?>
<testsuite tests="10" failures="1" name="com.crm.qa.testcases.ServetelTest" time="77.399" errors="0" skipped="9">
  <properties>
[...]
</properties>
  <testcase classname="com.crm.qa.testcases.ServetelTest" name="setUp" time="7.738">
    <failure message="no such window: target window already closed
from unknown error: web view not found
  (Session info: chrome=88.0.4324.150)
Build info: version: &apos;3.14.0&apos;, revision: &apos;aacccce0&apos;, time: &apos;2018-08-02T20:19:58.91Z&apos;
System info: host: &apos;INNO1-6780&apos;, ip: &apos;192.168.20.59&apos;, os.name: &apos;Windows 10&apos;, os.arch: &apos;amd64&apos;, os.version: &apos;10.0&apos;, java.version: &apos;1.8.0_201&apos;
Driver info: org.openqa.selenium.chrome.ChromeDriver
Capabilities {acceptInsecureCerts: false, browserName: chrome, browserVersion: 88.0.4324.150, chrome: {chromedriverVersion: 88.0.4324.96 (68dba2d8a0b14..., userDataDir: C:\Users\g516741\AppData\Lo...}, goog:chromeOptions: {debuggerAddress: localhost:50729}, javascriptEnabled: true, networkConnectionEnabled: false, pageLoadStrategy: normal, platform: WINDOWS, platformName: WINDOWS, proxy: Proxy(), setWindowRect: true, strictFileInteractability: false, timeouts: {implicit: 0, pageLoad: 300000, script: 30000}, unhandledPromptBehavior: dismiss and notify, webauthn:extension:largeBlob: true, webauthn:virtualAuthenticators: true}
Session ID: a511d115c5eed5374ae033919341e3e3
*** Element info: {Using=xpath, value=//input[@id=&apos;login_id&apos;]}" type="org.openqa.selenium.NoSuchWindowException">org.openqa.selenium.NoSuchWindowException: no such window: target window already closed
from unknown error: web view not found
  (Session info: chrome=88.0.4324.150)
Build info: version: &apos;3.14.0&apos;, revision: &apos;aacccce0&apos;, time: &apos;2018-08-02T20:19:58.91Z&apos;
System info: host: &apos;INNO1-6780&apos;, ip: &apos;192.168.20.59&apos;, os.name: &apos;Windows 10&apos;, os.arch: &apos;amd64&apos;, os.version: &apos;10.0&apos;, java.version: &apos;1.8.0_201&apos;
Driver info: org.openqa.selenium.chrome.ChromeDriver
Capabilities {acceptInsecureCerts: false, browserName: chrome, browserVersion: 88.0.4324.150, chrome: {chromedriverVersion: 88.0.4324.96 (68dba2d8a0b14..., userDataDir: C:\Users\g516741\AppData\Lo...}, goog:chromeOptions: {debuggerAddress: localhost:50729}, javascriptEnabled: true, networkConnectionEnabled: false, pageLoadStrategy: normal, platform: WINDOWS, platformName: WINDOWS, proxy: Proxy(), setWindowRect: true, strictFileInteractability: false, timeouts: {implicit: 0, pageLoad: 300000, script: 30000}, unhandledPromptBehavior: dismiss and notify, webauthn:extension:largeBlob: true, webauthn:virtualAuthenticators: true}
Session ID: a511d115c5eed5374ae033919341e3e3
*** Element info: {Using=xpath, value=//input[@id=&apos;login_id&apos;]}
	at sun.reflect.NativeConstructorAccessorImpl.newInstance0(Native Method)
	at sun.reflect.NativeConstructorAccessorImpl.newInstance(NativeConstructorAccessorImpl.java:62)
	at sun.reflect.DelegatingConstructorAccessorImpl.newInstance(DelegatingConstructorAccessorImpl.java:45)
	at java.lang.reflect.Constructor.newInstance(Constructor.java:423)
	at org.openqa.selenium.remote.http.W3CHttpResponseCodec.createException(W3CHttpResponseCodec.java:187)
	at org.openqa.selenium.remote.http.W3CHttpResponseCodec.decode(W3CHttpResponseCodec.java:122)
	at org.openqa.selenium.remote.http.W3CHttpResponseCodec.decode(W3CHttpResponseCodec.java:49)
	at org.openqa.selenium.remote.HttpCommandExecutor.execute(HttpCommandExecutor.java:158)
	at org.openqa.selenium.remote.service.DriverCommandExecutor.execute(DriverCommandExecutor.java:83)
	at org.openqa.selenium.remote.RemoteWebDriver.execute(RemoteWebDriver.java:548)
	at org.openqa.selenium.remote.RemoteWebDriver.findElement(RemoteWebDriver.java:322)
	at org.openqa.selenium.remote.RemoteWebDriver.findElementByXPath(RemoteWebDriver.java:424)
	at org.openqa.selenium.By$ByXPath.findElement(By.java:353)
	at org.openqa.selenium.remote.RemoteWebDriver.findElement(RemoteWebDriver.java:314)
	at org.openqa.selenium.support.pagefactory.DefaultElementLocator.findElement(DefaultElementLocator.java:69)
	at org.openqa.selenium.support.pagefactory.internal.LocatingElementHandler.invoke(LocatingElementHandler.java:38)
	at com.sun.proxy.$Proxy7.sendKeys(Unknown Source)
	at com.crm.qa.pages.LoginPage.login(LoginPage.java:38)
	at com.crm.qa.testcases.ServetelTest.setUp(ServetelTest.java:39)
</failure>
    <system-out>Configuring TestNG with: org.apache.maven.surefire.testng.conf.TestNG652Configurator@470e2030
</system-out>
    <system-err>[main] INFO io.github.bonigarcia.wdm.WebDriverManager - Using chromedriver 88.0.4324.96 (since Google Chrome 88 is installed in your machine)
[main] INFO io.github.bonigarcia.wdm.WebDriverManager - Exporting webdriver.chrome.driver as C:\Users\g516741\.m2\repository\webdriver\chromedriver\win32\88.0.4324.96\chromedriver.exe
Starting ChromeDriver 88.0.4324.96 (68dba2d8a0b149a1d3afac56fa74648032bcf46b-refs/branch-heads/4324@{#1784}) on port 23693
Only local connections are allowed.
Please see https://chromedriver.chromium.org/security-considerations for suggestions on keeping ChromeDriver safe.
ChromeDriver was started successfully.
Feb 18, 2021 10:34:40 AM org.openqa.selenium.remote.ProtocolHandshake createSession
INFO: Detected dialect: W3C
</system-err>
  </testcase>
  <testcase classname="com.crm.qa.testcases.ServetelTest" name="verifyHomePageTitleTest" time="7.74">
    <skipped/>
  </testcase>
  <testcase classname="com.crm.qa.testcases.ServetelTest" name="setUp" time="7.74">
    <skipped/>
  </testcase>
  <testcase classname="com.crm.qa.testcases.ServetelTest" name="createandUploadRecording" time="7.74">
    <skipped/>
  </testcase>
  <testcase classname="com.crm.qa.testcases.ServetelTest" name="setUp" time="7.74">
    <skipped/>
  </testcase>
  <testcase classname="com.crm.qa.testcases.ServetelTest" name="addAgentUsingPost" time="7.74">
    <skipped/>
  </testcase>
  <testcase classname="com.crm.qa.testcases.ServetelTest" name="setUp" time="7.74">
    <skipped/>
  </testcase>
  <testcase classname="com.crm.qa.testcases.ServetelTest" name="CreateAutoAttendent" time="7.74">
    <skipped/>
  </testcase>
  <testcase classname="com.crm.qa.testcases.ServetelTest" name="setUp" time="7.74">
    <skipped/>
  </testcase>
  <testcase classname="com.crm.qa.testcases.ServetelTest" name="AssignAutoattendentToNumber" time="7.741">
    <skipped/>
  </testcase>
</testsuite>